<?xml version="1.0" encoding="UTF-8"?>
<!-- Generated by org.testng.reporters.JUnitXMLReporter -->
<testsuite ignored="0" hostname="DESKTOP-FTO3A5E" failures="0" tests="3" name="Firefox" time="0.077" errors="0" timestamp="2021-11-25T09:53:03 IST">
  <testcase classname="testpackage.TestClassLogin" name="@BeforeTest tolaunchTheBrowser" time="0.001">
    <failure type="java.lang.NullPointerException">
      <![CDATA[java.lang.NullPointerException
at testpackage.TestClassLogin.tolaunchTheBrowser(TestClassLogin.java:41)
... Removed 24 stack frames]]>
    </failure>
  </testcase> <!-- @BeforeTest tolaunchTheBrowser -->
  <testcase classname="testpackage.TestClassLogin" name="@BeforeClass tolaunchbrowser" time="-1.637814183793E9">
    <skipped/>
  </testcase> <!-- @BeforeClass tolaunchbrowser -->
  <testcase classname="testpackage.TestClassLogin" name="@BeforeMethod toopenapplication" time="-1.637814183799E9">
    <skipped/>
  </testcase> <!-- @BeforeMethod toopenapplication -->
  <testcase classname="testpackage.TestClassLogin" name="@BeforeMethod toopenapplication" time="-1.637814183808E9">
    <skipped/>
  </testcase> <!-- @BeforeMethod toopenapplication -->
  <testcase classname="testpackage.TestClassLogin" name="@BeforeMethod toopenapplication" time="-1.637814183817E9">
    <skipped/>
  </testcase> <!-- @BeforeMethod toopenapplication -->
  <testcase classname="testpackage.TestClassLogin" name="@AfterClass CleaTheObjects" time="-1.637814183827E9">
    <skipped/>
  </testcase> <!-- @AfterClass CleaTheObjects -->
  <testcase classname="testpackage.TestClassLogin" name="@AfterTest closedTheBrowser" time="-1.637814183832E9">
    <skipped/>
  </testcase> <!-- @AfterTest closedTheBrowser -->
  <testcase classname="testpackage.TestClassLogin" name="toverifyucnloginpage" time="0.0">
    <skipped/>
  </testcase> <!-- toverifyucnloginpage -->
  <testcase classname="testpackage.TestClassLogin" name="planmodule" time="0.0">
    <skipped/>
  </testcase> <!-- planmodule -->
  <testcase classname="testpackage.TestClassLogin" name="rechagemodule" time="0.0">
    <skipped/>
  </testcase> <!-- rechagemodule -->
</testsuite> <!-- Firefox -->
