<?xml version="1.0" encoding="UTF-8"?>
<!-- Generated by org.testng.reporters.JUnitXMLReporter -->
<testsuite ignored="0" hostname="DESKTOP-FTO3A5E" failures="0" tests="2" name="Classes" time="4.757" errors="0" timestamp="2021-11-24T14:56:10 IST">
  <testcase classname="testpackage.TestClassLogin" name="@BeforeClass tolaunchApplication" time="4.585">
    <failure type="java.lang.NullPointerException">
      <![CDATA[java.lang.NullPointerException
at java.base/java.util.Objects.requireNonNull(Objects.java:221)
at org.openqa.selenium.interactions.Actions.<init>(Actions.java:65)
at pompackage.HomePage.<init>(HomePage.java:84)
at testpackage.TestClassLogin.tolaunchApplication(TestClassLogin.java:53)
at java.base/java.util.ArrayList.forEach(ArrayList.java:1541)
... Removed 25 stack frames]]>
    </failure>
  </testcase> <!-- @BeforeClass tolaunchApplication -->
  <testcase classname="testpackage.TestClassLogin" name="@BeforeMethod toopenapplication" time="-1.637745970841E9">
    <skipped/>
  </testcase> <!-- @BeforeMethod toopenapplication -->
  <testcase classname="testpackage.TestClassLogin" name="@AfterMethod logout" time="-1.637745970863E9">
    <skipped/>
  </testcase> <!-- @AfterMethod logout -->
  <testcase classname="testpackage.TestClassLogin" name="@BeforeMethod toopenapplication" time="-1.637745970874E9">
    <skipped/>
  </testcase> <!-- @BeforeMethod toopenapplication -->
  <testcase classname="testpackage.TestClassLogin" name="@AfterMethod logout" time="-1.637745970883E9">
    <skipped/>
  </testcase> <!-- @AfterMethod logout -->
  <testcase classname="testpackage.TestClassLogin" name="@AfterClass CloseTheBrowser" time="-1.637745970887E9">
    <skipped/>
  </testcase> <!-- @AfterClass CloseTheBrowser -->
  <testcase classname="testpackage.TestClassLogin" name="toverifyucnloginpage" time="0.0">
    <skipped/>
  </testcase> <!-- toverifyucnloginpage -->
  <testcase classname="testpackage.TestClassLogin" name="planmodule" time="0.0">
    <skipped/>
  </testcase> <!-- planmodule -->
</testsuite> <!-- Classes -->
